<?xml version="1.0" encoding="UTF-8"?>
<testng-results skipped="0" failed="1" total="1" passed="0">
  <reporter-output>
  </reporter-output>
  <suite name="Searchresult Tests" duration-ms="16599" started-at="2016-01-05T18:12:40Z" finished-at="2016-01-05T18:12:57Z">
    <groups>
    </groups>
    <test name="sample-Test" duration-ms="16599" started-at="2016-01-05T18:12:40Z" finished-at="2016-01-05T18:12:57Z">
      <class name="tests.LoginTest">
        <test-method status="PASS" signature="beforeSuite()[pri:0, instance:tests.LoginTest@55f3ddb1]" name="beforeSuite" is-config="true" duration-ms="25350" started-at="2016-01-05T19:12:15Z" finished-at="2016-01-05T19:12:40Z">
          <reporter-output>
          </reporter-output>
        </test-method> <!-- beforeSuite -->
        <test-method status="PASS" signature="openLoginPage()[pri:0, instance:tests.LoginTest@55f3ddb1]" name="openLoginPage" is-config="true" duration-ms="2151" started-at="2016-01-05T19:12:40Z" finished-at="2016-01-05T19:12:42Z">
          <reporter-output>
          </reporter-output>
        </test-method> <!-- openLoginPage -->
        <test-method status="FAIL" signature="correctLoginTest()[pri:0, instance:tests.LoginTest@55f3ddb1]" name="correctLoginTest" duration-ms="14353" started-at="2016-01-05T19:12:42Z" finished-at="2016-01-05T19:12:57Z">
          <exception class="java.lang.AssertionError">
            <message>
              <![CDATA[h1 headline correct expected [Profle] but found [Profile]]]>
            </message>
            <full-stacktrace>
              <![CDATA[java.lang.AssertionError: h1 headline correct expected [Profle] but found [Profile]
	at org.testng.Assert.fail(Assert.java:94)
	at org.testng.Assert.failNotEquals(Assert.java:496)
	at org.testng.Assert.assertEquals(Assert.java:125)
	at org.testng.Assert.assertEquals(Assert.java:178)
	at tests.LoginTest.correctLoginTest(LoginTest.java:38)
	at sun.reflect.NativeMethodAccessorImpl.invoke0(Native Method)
	at sun.reflect.NativeMethodAccessorImpl.invoke(NativeMethodAccessorImpl.java:62)
	at sun.reflect.DelegatingMethodAccessorImpl.invoke(DelegatingMethodAccessorImpl.java:43)
	at java.lang.reflect.Method.invoke(Method.java:497)
	at org.testng.internal.MethodInvocationHelper.invokeMethod(MethodInvocationHelper.java:85)
	at org.testng.internal.Invoker.invokeMethod(Invoker.java:639)
	at org.testng.internal.Invoker.invokeTestMethod(Invoker.java:816)
	at org.testng.internal.Invoker.invokeTestMethods(Invoker.java:1124)
	at org.testng.internal.TestMethodWorker.invokeTestMethods(TestMethodWorker.java:125)
	at org.testng.internal.TestMethodWorker.run(TestMethodWorker.java:108)
	at org.testng.TestRunner.privateRun(TestRunner.java:774)
	at org.testng.TestRunner.run(TestRunner.java:624)
	at org.testng.SuiteRunner.runTest(SuiteRunner.java:359)
	at org.testng.SuiteRunner.runSequentially(SuiteRunner.java:354)
	at org.testng.SuiteRunner.privateRun(SuiteRunner.java:312)
	at org.testng.SuiteRunner.run(SuiteRunner.java:261)
	at org.testng.SuiteRunnerWorker.runSuite(SuiteRunnerWorker.java:52)
	at org.testng.SuiteRunnerWorker.run(SuiteRunnerWorker.java:86)
	at org.testng.TestNG.runSuitesSequentially(TestNG.java:1215)
	at org.testng.TestNG.runSuitesLocally(TestNG.java:1140)
	at org.testng.TestNG.run(TestNG.java:1048)
	at org.apache.maven.surefire.testng.TestNGExecutor.run(TestNGExecutor.java:282)
	at org.apache.maven.surefire.testng.TestNGXmlTestSuite.execute(TestNGXmlTestSuite.java:83)
	at org.apache.maven.surefire.testng.TestNGProvider.invoke(TestNGProvider.java:114)
	at org.apache.maven.surefire.booter.ForkedBooter.invokeProviderInSameClassLoader(ForkedBooter.java:286)
	at org.apache.maven.surefire.booter.ForkedBooter.runSuitesInProcess(ForkedBooter.java:240)
	at org.apache.maven.surefire.booter.ForkedBooter.main(ForkedBooter.java:121)
]]>
            </full-stacktrace>
          </exception> <!-- java.lang.AssertionError -->
          <reporter-output>
          </reporter-output>
        </test-method> <!-- correctLoginTest -->
        <test-method status="PASS" signature="afterClass2()[pri:0, instance:tests.LoginTest@55f3ddb1]" name="afterClass2" is-config="true" duration-ms="0" started-at="2016-01-05T19:12:57Z" finished-at="2016-01-05T19:12:57Z">
          <reporter-output>
          </reporter-output>
        </test-method> <!-- afterClass2 -->
      </class> <!-- tests.LoginTest -->
    </test> <!-- sample-Test -->
  </suite> <!-- Searchresult Tests -->
</testng-results>
